[11680][1707798006638][main][info]["Booting Postman 10.22.0, linux-6.7.4-arch1-1 on x64"]
[11680][1707798006640][main][info]["EventBus~initialize - Success"]
[11680][1707798006642][main][info]["Proxy configuration has not been setup"]
[11680][1707798006642][main][info]["CloudProxyManager~init - Success"]
[11680][1707798006645][main][info]["performShellDataMigration: Starting shell data migration"]
[11680][1707798006646][main][info]["migrateShellData:Starting"]
[11680][1707798006657][main][info]["migrateShellData: Old storage cleaned up"]
[11680][1707798006783][main][info]["migrateShellData: Got data from shell. Writing to storage"]
[11680][1707798006786][main][info]["performShellDataMigration: Migration successful on try count 1"]
[11680][1707798006791][main][info]["UpdateHandler~init - Success"]
[11680][1707798006793][main][info]["LeaderSelection: Initialized successfully"]
[11680][1707798006794][main][info]["VersionDependencyService: Initialized successfully"]
[11680][1707798006802][main][info]["Generated root certificate for linux"]
[11680][1707798006803][main][info]["LinuxAutoUpdater~Cleanup - Initial cleanup successful"]
[11680][1707798006825][main][info]["GPU detected VID 4098 DID 5761 ACTIVE true"]
[11680][1707798006825][main][info]["GPU detected VID 4318 DID 9632 ACTIVE false"]
[11680][1707798006835][main][info]["shellController~init: Success"]
[11680][1707798006840][main][info]["shellMeta~init: Success"]
[11680][1707798006840][main][info]["partitionMigrationService: State of V7 partition:"]
[11680][1707798006840][main][info]["partitionMigrationService: V7 partitions",[]]
[11680][1707798006840][main][info]["partitionMigrationService~rectifyNamespaceOfScratchPadPartition: There is no partition with scratchpad namespace"]
[11680][1707798006840][main][info]["partitionMigrationService~rectifyNamespaceOfScratchPadPartition: There is no transit partition which could have been used for scratchpad"]
[11680][1707798006841][main][info]["partitionMigrationService~init: Success"]
[11680][1707798006845][main][info]["partitionMigrationService~runV8PartitionsIntegrity: Two way migration~ removing the following partitions from v8",[]]
[11680][1707798006848][main][info]["userPartitionService~_rectifyTheActivePartitionOfApplication: Setting the active partition to ",null]
[11680][1707798006852][main][info]["userPartitionService~init: Success"]
[11680][1707798006861][main][info]["userPartitionService: State of v8 partition system:"]
[11680][1707798006872][main][info]["shell~init~getPartitionToLoad: loading scratchpad partition"]
[11680][1707798006873][main][info]["userPartitionService: List of partitions:",[]]
[11680][1707798006874][main][info]["userPartitionService: users global meta:",{}]
[11680][1707798006904][main][info]["proxyCertificateService~ensureRootCAPresence: Deleting and creating new certificates"]
[11680][1707798008374][main][info]["RuntimeIPCAgent~started: Success"]
[11680][1707798008647][main][info]["Main~scratchpadThemeAction:: action: set, value: dark"]
[11680][1707798008649][main][info]["Main~scratchpadThemeAction:: action: set, value: dark"]
[11680][1707798008649][main][info]["Main~scratchpadThemeAction:: action: set, value: dark"]
[11680][1707798008665][main][info]["UpdateHandler~app-update-events - Received event",{"name":"checkForElectronVersionUpdated","namespace":"appUpdate"}]
[11680][1707798008671][main][info]["windowManager: First requester booted successfully."]
[11680][1707798008671][main][info]["windowManager~restoreWindows: Restoring requester windows"]
[11680][1707798008672][main][info]["Main~AppEvents - Received booted event for process requester.Version undefined UI Version: undefined Desktop Platform Version: 10.22.0"]
[11680][1707798015367][main][info]["WindowManager~closeHandler - Closed Window (id: 2 )"]
[11680][1707798015372][main][info]["Quitting app"]
